<?xml version="1.0" encoding="UTF-8"?>
<!-- Generated by org.testng.reporters.JUnitReportReporter -->
<testsuite hostname="Batman" failures="0" tests="1" name="automation_suite.runners.RunnerTest" time="0.599" errors="1" timestamp="2024-06-21T00:41:47 IST" skipped="0">
  <testcase classname="automation_suite.runners.RunnerTest" name="setUpClass" time="0.599">
    <error message="Failed to parse resource at: file:///C:/Users/HP/eclipse-workspace/automation_suite/src/main/java/automation_suite/feature/PurchaseOrder.feature
(1:1): expected: #EOF, #Language, #TagLine, #FeatureLine, #Comment, #Empty, got &#039;Feature : I want to execute Purchase Order on Luma E-commerce application&#039;
(4:3): expected: #TagLine, #FeatureLine, #Comment, #Empty, got &#039;Scenario Outline: I want to Execute Purchase Order&#039;
(6:5): expected: #TagLine, #FeatureLine, #Comment, #Empty, got &#039;Given user launches the Webapplication in browser&#039;
(7:5): expected: #TagLine, #FeatureLine, #Comment, #Empty, got &#039;When user enters the &lt;username&gt; and &lt;password&gt; to the LoginPage&#039;
(8:5): expected: #TagLine, #FeatureLine, #Comment, #Empty, got &#039;When user is able login to Ecommerce WebApplication&#039;
(9:5): expected: #TagLine, #FeatureLine, #Comment, #Empty, got &#039;And user navigates to &lt;product&gt; and is added to cart&#039;
(10:5): expected: #TagLine, #FeatureLine, #Comment, #Empty, got &#039;When user proceeds to checkout page and selects payment and proceed to complete the order&#039;
(11:5): expected: #TagLine, #FeatureLine, #Comment, #Empty, got &#039;Then user order is completed and invoice is created&#039;
(15:5): expected: #TagLine, #FeatureLine, #Comment, #Empty, got &#039;Examples:&#039;
(16:7): expected: #TagLine, #FeatureLine, #Comment, #Empty, got &#039;|username							 |password    |product                      |&#039;
(17:7): expected: #TagLine, #FeatureLine, #Comment, #Empty, got &#039;|tushar.0082r@gmail.com|Tushar1234  |Montana Wind Jacket          |&#039;" type="io.cucumber.core.gherkin.FeatureParserException">
      <![CDATA[io.cucumber.core.gherkin.FeatureParserException: Failed to parse resource at: file:///C:/Users/HP/eclipse-workspace/automation_suite/src/main/java/automation_suite/feature/PurchaseOrder.feature
(1:1): expected: #EOF, #Language, #TagLine, #FeatureLine, #Comment, #Empty, got 'Feature : I want to execute Purchase Order on Luma E-commerce application'
(4:3): expected: #TagLine, #FeatureLine, #Comment, #Empty, got 'Scenario Outline: I want to Execute Purchase Order'
(6:5): expected: #TagLine, #FeatureLine, #Comment, #Empty, got 'Given user launches the Webapplication in browser'
(7:5): expected: #TagLine, #FeatureLine, #Comment, #Empty, got 'When user enters the <username> and <password> to the LoginPage'
(8:5): expected: #TagLine, #FeatureLine, #Comment, #Empty, got 'When user is able login to Ecommerce WebApplication'
(9:5): expected: #TagLine, #FeatureLine, #Comment, #Empty, got 'And user navigates to <product> and is added to cart'
(10:5): expected: #TagLine, #FeatureLine, #Comment, #Empty, got 'When user proceeds to checkout page and selects payment and proceed to complete the order'
(11:5): expected: #TagLine, #FeatureLine, #Comment, #Empty, got 'Then user order is completed and invoice is created'
(15:5): expected: #TagLine, #FeatureLine, #Comment, #Empty, got 'Examples:'
(16:7): expected: #TagLine, #FeatureLine, #Comment, #Empty, got '|username |password    |product                      |'
(17:7): expected: #TagLine, #FeatureLine, #Comment, #Empty, got '|tushar.0082r@gmail.com|Tushar1234  |Montana Wind Jacket          |'
at io.cucumber.core.gherkin.messages.GherkinMessagesFeatureParser.parse(GherkinMessagesFeatureParser.java:56)
at io.cucumber.core.feature.FeatureParser.parseResource(FeatureParser.java:46)
at java.base/java.util.function.BiFunction.lambda$andThen$0(BiFunction.java:70)
at io.cucumber.core.resource.ResourceScanner.lambda$processResource$1(ResourceScanner.java:79)
at io.cucumber.core.resource.PathScanner$ResourceFileVisitor.visitFile(PathScanner.java:75)
at io.cucumber.core.resource.PathScanner$ResourceFileVisitor.visitFile(PathScanner.java:60)
at java.base/java.nio.file.Files.walkFileTree(Files.java:2810)
at io.cucumber.core.resource.PathScanner.findResourcesForPath(PathScanner.java:53)
at io.cucumber.core.resource.PathScanner.findResourcesForUri(PathScanner.java:31)
at io.cucumber.core.resource.ResourceScanner.findResourcesForUri(ResourceScanner.java:61)
at io.cucumber.core.resource.ResourceScanner.scanForResourcesUri(ResourceScanner.java:134)
at io.cucumber.core.runtime.FeaturePathFeatureSupplier.loadFeatures(FeaturePathFeatureSupplier.java:62)
at io.cucumber.core.runtime.FeaturePathFeatureSupplier.get(FeaturePathFeatureSupplier.java:45)
at io.cucumber.testng.TestNGCucumberRunner.<init>(TestNGCucumberRunner.java:122)
at io.cucumber.testng.AbstractTestNGCucumberTests.setUpClass(AbstractTestNGCucumberTests.java:27)
at java.base/jdk.internal.reflect.DirectMethodHandleAccessor.invoke(DirectMethodHandleAccessor.java:104)
at java.base/java.lang.reflect.Method.invoke(Method.java:578)
at org.testng.internal.invokers.MethodInvocationHelper.invokeMethod(MethodInvocationHelper.java:139)
at org.testng.internal.invokers.MethodInvocationHelper.invokeMethodConsideringTimeout(MethodInvocationHelper.java:69)
at org.testng.internal.invokers.ConfigInvoker.invokeConfigurationMethod(ConfigInvoker.java:393)
at org.testng.internal.invokers.ConfigInvoker.invokeConfigurations(ConfigInvoker.java:326)
at org.testng.internal.invokers.TestMethodWorker.invokeBeforeClassMethods(TestMethodWorker.java:180)
at org.testng.internal.invokers.TestMethodWorker.run(TestMethodWorker.java:122)
at java.base/java.util.ArrayList.forEach(ArrayList.java:1511)
at org.testng.TestRunner.privateRun(TestRunner.java:819)
at org.testng.TestRunner.run(TestRunner.java:619)
at org.testng.SuiteRunner.runTest(SuiteRunner.java:443)
at org.testng.SuiteRunner.runSequentially(SuiteRunner.java:437)
at org.testng.SuiteRunner.privateRun(SuiteRunner.java:397)
at org.testng.SuiteRunner.run(SuiteRunner.java:336)
at org.testng.SuiteRunnerWorker.runSuite(SuiteRunnerWorker.java:52)
at org.testng.SuiteRunnerWorker.run(SuiteRunnerWorker.java:95)
at org.testng.TestNG.runSuitesSequentially(TestNG.java:1301)
at org.testng.TestNG.runSuitesLocally(TestNG.java:1228)
at org.testng.TestNG.runSuites(TestNG.java:1134)
at org.testng.TestNG.run(TestNG.java:1101)
at org.testng.remote.AbstractRemoteTestNG.run(AbstractRemoteTestNG.java:115)
at org.testng.remote.RemoteTestNG.initAndRun(RemoteTestNG.java:251)
at org.testng.remote.RemoteTestNG.main(RemoteTestNG.java:77)
]]>
    </error>
  </testcase> <!-- setUpClass -->
</testsuite> <!-- automation_suite.runners.RunnerTest -->
